<?xml version="1.0" encoding="UTF-8"?>
<!-- Generated by org.testng.reporters.JUnitReportReporter -->
<testsuite skipped="0" hostname="Deepjyoti-PC" name="automation_test.UpdateInformation" tests="1" failures="0" timestamp="16 Jun 2019 15:50:34 GMT" time="1.130" errors="0">
  <testcase name="updateComputer" time="1.130" classname="automation_test.UpdateInformation"/>
</testsuite> <!-- automation_test.UpdateInformation -->
