<?xml version="1.0" encoding="UTF-8"?>
<!-- Generated by org.testng.reporters.JUnitReportReporter -->
<testsuite skipped="0" hostname="Deepjyoti-PC" name="automation_test.TC06_Search_Non_Existing_Computer_Test" tests="1" failures="0" timestamp="16 Jun 2019 16:11:43 GMT" time="0.519" errors="0">
  <testcase name="updateComputer" time="0.519" classname="automation_test.TC06_Search_Non_Existing_Computer_Test"/>
</testsuite> <!-- automation_test.TC06_Search_Non_Existing_Computer_Test -->
