<?xml version="1.0" encoding="UTF-8"?>
<!-- Generated by org.testng.reporters.JUnitReportReporter -->
<testsuite skipped="0" hostname="Deepjyoti-PC" name="com.P1.TC09_Verify_Previous_Button_Enabled_NextPage_test" tests="1" failures="0" timestamp="16 Jun 2019 21:36:21 GMT" time="5.122" errors="0">
  <testcase name="verifyPreviousEnabled" time="5.122" classname="com.P1.TC09_Verify_Previous_Button_Enabled_NextPage_test"/>
</testsuite> <!-- com.P1.TC09_Verify_Previous_Button_Enabled_NextPage_test -->
