<?xml version="1.0" encoding="UTF-8"?>
<!-- Generated by org.testng.reporters.JUnitReportReporter -->
<testsuite skipped="0" hostname="Deepjyoti-PC" name="com.P1.TC06_Search_Non_Existing_Computer_Test" tests="1" failures="0" timestamp="16 Jun 2019 21:36:21 GMT" time="5.183" errors="0">
  <testcase name="searchNonExistComputer" time="5.183" classname="com.P1.TC06_Search_Non_Existing_Computer_Test"/>
</testsuite> <!-- com.P1.TC06_Search_Non_Existing_Computer_Test -->
