<?xml version="1.0" encoding="UTF-8"?>
<!-- Generated by org.testng.reporters.JUnitReportReporter -->
<testsuite skipped="0" hostname="Deepjyoti-PC" name="automation_test.ReadComputer" tests="1" failures="0" timestamp="16 Jun 2019 15:29:27 GMT" time="0.378" errors="0">
  <testcase name="readComputer" time="0.378" classname="automation_test.ReadComputer"/>
</testsuite> <!-- automation_test.ReadComputer -->
