<?xml version="1.0" encoding="UTF-8"?>
<!-- Generated by org.testng.reporters.JUnitReportReporter -->
<testsuite skipped="0" hostname="Deepjyoti-PC" name="com.P1.TC11_Verify_Next_Button_Behavior" tests="1" failures="0" timestamp="16 Jun 2019 21:36:21 GMT" time="5.386" errors="0">
  <testcase name="verifyNextButton" time="5.386" classname="com.P1.TC11_Verify_Next_Button_Behavior"/>
</testsuite> <!-- com.P1.TC11_Verify_Next_Button_Behavior -->
