<?xml version="1.0" encoding="UTF-8"?>
<!-- Generated by org.testng.reporters.JUnitReportReporter -->
<testsuite skipped="0" hostname="Deepjyoti-PC" name="automation_test.TC04_Search_Computer_Test" tests="1" failures="0" timestamp="16 Jun 2019 16:03:20 GMT" time="0.538" errors="0">
  <testcase name="updateComputer" time="0.538" classname="automation_test.TC04_Search_Computer_Test"/>
</testsuite> <!-- automation_test.TC04_Search_Computer_Test -->
