<?xml version="1.0" encoding="UTF-8"?>
<!-- Generated by org.testng.reporters.JUnitReportReporter -->
<testsuite skipped="0" hostname="Deepjyoti-PC" name="automation_test.TC11_Verify_Next_Button_Behavior" tests="1" failures="0" timestamp="16 Jun 2019 20:13:36 GMT" time="0.328" errors="0">
  <testcase name="verifyPreviousEnabled" time="0.328" classname="automation_test.TC11_Verify_Next_Button_Behavior"/>
</testsuite> <!-- automation_test.TC11_Verify_Next_Button_Behavior -->
