<?xml version="1.0" encoding="UTF-8"?>
<!-- Generated by org.testng.reporters.JUnitReportReporter -->
<testsuite skipped="0" hostname="Deepjyoti-PC" name="automation_test.TC09_Verify_Previous_Button_Enabled_NextPage_test" tests="1" failures="0" timestamp="16 Jun 2019 18:17:52 GMT" time="0.374" errors="0">
  <testcase name="verifyPreviousEnabled" time="0.374" classname="automation_test.TC09_Verify_Previous_Button_Enabled_NextPage_test"/>
</testsuite> <!-- automation_test.TC09_Verify_Previous_Button_Enabled_NextPage_test -->
