<?xml version="1.0" encoding="UTF-8"?>
<!-- Generated by org.testng.reporters.JUnitReportReporter -->
<testsuite skipped="0" hostname="Deepjyoti-PC" name="automation_test.TC10_Cancel_Add_Computer_Validation" tests="1" failures="0" timestamp="16 Jun 2019 19:22:20 GMT" time="1.219" errors="0">
  <testcase name="cancelAddComputer" time="1.219" classname="automation_test.TC10_Cancel_Add_Computer_Validation"/>
</testsuite> <!-- automation_test.TC10_Cancel_Add_Computer_Validation -->
