<?xml version="1.0" encoding="UTF-8"?>
<!-- Generated by org.testng.reporters.JUnitReportReporter -->
<testsuite skipped="0" hostname="Deepjyoti-PC" name="com.P1.TC10_Cancel_Add_Computer_Validation" tests="1" failures="0" timestamp="17 Jun 2019 23:51:11 GMT" time="6.551" errors="0">
  <testcase name="cancelAddComputer" time="6.551" classname="com.P1.TC10_Cancel_Add_Computer_Validation"/>
</testsuite> <!-- com.P1.TC10_Cancel_Add_Computer_Validation -->
