<?xml version="1.0" encoding="UTF-8"?>
<!-- Generated by org.testng.reporters.JUnitReportReporter -->
<testsuite skipped="0" hostname="Deepjyoti-PC" name="com.P1.TC04_Search_Existing_Computer_Test" tests="1" failures="0" timestamp="16 Jun 2019 21:36:21 GMT" time="5.303" errors="0">
  <testcase name="searchComputer" time="5.303" classname="com.P1.TC04_Search_Existing_Computer_Test"/>
</testsuite> <!-- com.P1.TC04_Search_Existing_Computer_Test -->
