<?xml version="1.0" encoding="UTF-8"?>
<!-- Generated by org.testng.reporters.JUnitReportReporter -->
<testsuite skipped="0" hostname="Deepjyoti-PC" name="automation_test.TC08_Verify_Previous_Button_Disabled_LaunchPage_test" tests="1" failures="0" timestamp="16 Jun 2019 18:03:27 GMT" time="0.069" errors="0">
  <testcase name="verifyPreviousDisabled" time="0.069" classname="automation_test.TC08_Verify_Previous_Button_Disabled_LaunchPage_test"/>
</testsuite> <!-- automation_test.TC08_Verify_Previous_Button_Disabled_LaunchPage_test -->
