<?xml version="1.0" encoding="UTF-8"?>
<!-- Generated by org.testng.reporters.JUnitReportReporter -->
<testsuite skipped="0" hostname="Deepjyoti-PC" name="automation_test.AddComputer" tests="1" failures="0" timestamp="16 Jun 2019 15:11:18 GMT" time="1.227" errors="0">
  <testcase name="addComputer" time="1.227" classname="automation_test.AddComputer"/>
</testsuite> <!-- automation_test.AddComputer -->
