<?xml version="1.0" encoding="UTF-8"?>
<!-- Generated by org.testng.reporters.JUnitReportReporter -->
<testsuite skipped="0" hostname="Deepjyoti-PC" name="com.P1.TC01_Add_Computer_Test" tests="1" failures="0" timestamp="17 Jun 2019 21:34:58 GMT" time="8.605" errors="0">
  <testcase name="addComputer" time="8.605" classname="com.P1.TC01_Add_Computer_Test"/>
</testsuite> <!-- com.P1.TC01_Add_Computer_Test -->
