<?xml version="1.0" encoding="UTF-8"?>
<!-- Generated by org.testng.reporters.JUnitReportReporter -->
<testsuite skipped="0" hostname="Deepjyoti-PC" name="automation_test.T07_Count_Total_Header_Validation_Test" tests="1" failures="0" timestamp="16 Jun 2019 17:01:33 GMT" time="0.092" errors="0">
  <testcase name="countValidation" time="0.092" classname="automation_test.T07_Count_Total_Header_Validation_Test"/>
</testsuite> <!-- automation_test.T07_Count_Total_Header_Validation_Test -->
