<?xml version="1.0" encoding="UTF-8"?>
<!-- Generated by org.testng.reporters.JUnitReportReporter -->
<testsuite skipped="0" hostname="Deepjyoti-PC" name="automation_test.DeleteComputer" tests="1" failures="0" timestamp="16 Jun 2019 15:11:49 GMT" time="0.762" errors="0">
  <testcase name="addComputer" time="0.762" classname="automation_test.DeleteComputer"/>
</testsuite> <!-- automation_test.DeleteComputer -->
